<?xml version="1.0" encoding="UTF-8"?>
<robot generator="Robot 5.0.1 (Python 3.10.5 on win32)" generated="20221118 19:36:13.670" rpa="false" schemaversion="3">
<suite id="s1" name="Logout" source="D:\automationexercise\suites\logout.robot">
<test id="s1-t1" name="Logout User" line="10">
<kw name="Open Chrome Browser" library="Base" type="SETUP">
<doc>Keyword to open browser with chrome</doc>
<kw name="Open Browser" library="SeleniumLibrary">
<arg>browser=headlesschrome</arg>
<arg>url=${HOMEPAGE_URL}</arg>
<doc>Opens a new browser instance to the optional ``url``.</doc>
<msg timestamp="20221118 19:36:14.030" level="INFO">Opening browser 'headlesschrome' to base url 'http://automationexercise.com'.</msg>
<status status="PASS" starttime="20221118 19:36:14.029" endtime="20221118 19:36:23.187"/>
</kw>
<status status="PASS" starttime="20221118 19:36:14.028" endtime="20221118 19:36:23.188"/>
</kw>
<kw name="Navigate To Home Page" library="Logout">
<doc>Keyword to Navigate user to Home Page</doc>
<kw name="Go To" library="SeleniumLibrary">
<arg>${HOMEPAGE_URL}</arg>
<doc>Navigates the current browser window to the provided ``url``.</doc>
<msg timestamp="20221118 19:36:23.190" level="INFO">Opening url 'http://automationexercise.com'</msg>
<status status="PASS" starttime="20221118 19:36:23.190" endtime="20221118 19:36:28.804"/>
</kw>
<kw name="Maximize Browser Window" library="SeleniumLibrary">
<doc>Maximizes current browser window.</doc>
<status status="PASS" starttime="20221118 19:36:28.804" endtime="20221118 19:36:28.924"/>
</kw>
<status status="PASS" starttime="20221118 19:36:23.189" endtime="20221118 19:36:28.924"/>
</kw>
<kw name="Verify that home page is visible successfully" library="Logout">
<doc>Verify that home page is visible successfully</doc>
<kw name="Element Should Be Visible" library="SeleniumLibrary">
<arg>${logohomepage}</arg>
<doc>Verifies that the element identified by ``locator`` is visible.</doc>
<msg timestamp="20221118 19:36:29.029" level="INFO">Element '//*[@id="header"]/div/div/div/div[1]/div/a/img' is displayed.</msg>
<status status="PASS" starttime="20221118 19:36:28.926" endtime="20221118 19:36:29.029"/>
</kw>
<status status="PASS" starttime="20221118 19:36:28.925" endtime="20221118 19:36:29.030"/>
</kw>
<kw name="Click on 'Signup / Login' button" library="Logout">
<doc>Click on 'Signup / Login' button</doc>
<kw name="Click Element" library="SeleniumLibrary">
<arg>${signuplogin_button}</arg>
<doc>Click the element identified by ``locator``.</doc>
<msg timestamp="20221118 19:36:29.032" level="INFO">Clicking element '//*[@id="header"]/div/div/div/div[2]/div/ul/li[4]/a'.</msg>
<status status="PASS" starttime="20221118 19:36:29.031" endtime="20221118 19:36:29.826"/>
</kw>
<status status="PASS" starttime="20221118 19:36:29.030" endtime="20221118 19:36:29.826"/>
</kw>
<kw name="Verify 'Login to your account' is visible" library="Logout">
<doc>Verify 'Login to your account' is visible</doc>
<kw name="Element Should Be Visible" library="SeleniumLibrary">
<arg>${login_section}</arg>
<doc>Verifies that the element identified by ``locator`` is visible.</doc>
<msg timestamp="20221118 19:36:29.944" level="INFO">Element '//*[@id="form"]/div/div/div[1]/div/h2' is displayed.</msg>
<status status="PASS" starttime="20221118 19:36:29.828" endtime="20221118 19:36:29.944"/>
</kw>
<status status="PASS" starttime="20221118 19:36:29.827" endtime="20221118 19:36:29.945"/>
</kw>
<kw name="Enter correct email address and password" library="Logout">
<arg>email=${VALID_EMAIL}</arg>
<arg>password=${PASSWORD}</arg>
<doc>Enter correct email address and password</doc>
<kw name="Input Text" library="SeleniumLibrary">
<arg>${id_email}</arg>
<arg>${email}</arg>
<doc>Types the given ``text`` into the text field identified by ``locator``.</doc>
<msg timestamp="20221118 19:36:29.948" level="INFO">Typing text 'rafif@gmail.com' into text field '//*[@id="form"]/div/div/div[1]/div/form/input[2]'.</msg>
<status status="PASS" starttime="20221118 19:36:29.947" endtime="20221118 19:36:30.201"/>
</kw>
<kw name="Input Text" library="SeleniumLibrary">
<arg>${id_password}</arg>
<arg>${password}</arg>
<doc>Types the given ``text`` into the text field identified by ``locator``.</doc>
<msg timestamp="20221118 19:36:30.202" level="INFO">Typing text 'rafif' into text field '//*[@id="form"]/div/div/div[1]/div/form/input[3]'.</msg>
<status status="PASS" starttime="20221118 19:36:30.202" endtime="20221118 19:36:30.296"/>
</kw>
<status status="PASS" starttime="20221118 19:36:29.946" endtime="20221118 19:36:30.296"/>
</kw>
<kw name="Click 'login' button" library="Logout">
<doc>Click 'login' button</doc>
<kw name="Click Element" library="SeleniumLibrary">
<arg>${login_button}</arg>
<doc>Click the element identified by ``locator``.</doc>
<msg timestamp="20221118 19:36:30.298" level="INFO">Clicking element '//*[@id="form"]/div/div/div[1]/div/form/button'.</msg>
<status status="PASS" starttime="20221118 19:36:30.298" endtime="20221118 19:36:37.054"/>
</kw>
<status status="PASS" starttime="20221118 19:36:30.297" endtime="20221118 19:36:37.054"/>
</kw>
<kw name="Verify that 'Logged in as username' is visible" library="Logout">
<doc>Verify that 'Logged in as username' is visible</doc>
<kw name="Element Should Be Visible" library="SeleniumLibrary">
<arg>${loggedin_section}</arg>
<doc>Verifies that the element identified by ``locator`` is visible.</doc>
<msg timestamp="20221118 19:36:37.086" level="INFO">Element '//*[@id="header"]/div/div/div/div[2]/div/ul/li[10]/a' is displayed.</msg>
<status status="PASS" starttime="20221118 19:36:37.057" endtime="20221118 19:36:37.086"/>
</kw>
<status status="PASS" starttime="20221118 19:36:37.056" endtime="20221118 19:36:37.086"/>
</kw>
<kw name="Click 'Logout' button" library="Logout">
<doc>Click 'Logout' button</doc>
<kw name="Click Element" library="SeleniumLibrary">
<arg>${logout_button}</arg>
<doc>Click the element identified by ``locator``.</doc>
<msg timestamp="20221118 19:36:37.088" level="INFO">Clicking element '//*[@id="header"]/div/div/div/div[2]/div/ul/li[4]/a'.</msg>
<status status="PASS" starttime="20221118 19:36:37.088" endtime="20221118 19:36:38.093"/>
</kw>
<status status="PASS" starttime="20221118 19:36:37.088" endtime="20221118 19:36:38.094"/>
</kw>
<kw name="Verify that user is navigated to login page" library="Logout">
<doc>Verify that user is navigated to login page</doc>
<kw name="Element Should Be Visible" library="SeleniumLibrary">
<arg>${login_page}</arg>
<doc>Verifies that the element identified by ``locator`` is visible.</doc>
<msg timestamp="20221118 19:36:38.187" level="INFO">Element '//*[@id="form"]/div/div/div[1]/div' is displayed.</msg>
<status status="PASS" starttime="20221118 19:36:38.097" endtime="20221118 19:36:38.187"/>
</kw>
<status status="PASS" starttime="20221118 19:36:38.095" endtime="20221118 19:36:38.187"/>
</kw>
<kw name="Close Browser" library="SeleniumLibrary" type="TEARDOWN">
<doc>Closes the current browser.</doc>
<status status="PASS" starttime="20221118 19:36:38.188" endtime="20221118 19:36:40.571"/>
</kw>
<doc>Test to verify that user should be able to Logout with valid data</doc>
<status status="PASS" starttime="20221118 19:36:14.026" endtime="20221118 19:36:40.571"/>
</test>
<doc>Logout test cases</doc>
<status status="PASS" starttime="20221118 19:36:13.670" endtime="20221118 19:36:40.574"/>
</suite>
<statistics>
<total>
<stat pass="1" fail="0" skip="0">All Tests</stat>
</total>
<tag>
</tag>
<suite>
<stat pass="1" fail="0" skip="0" id="s1" name="Logout">Logout</stat>
</suite>
</statistics>
<errors>
</errors>
</robot>
